<?xml version="1.0" encoding="UTF-8"?>
<testng-results ignored="0" total="8" passed="8" failed="0" skipped="0">
  <reporter-output>
  </reporter-output>
  <suite started-at="2023-05-20T19:18:28 IST" name="Default suite" finished-at="2023-05-20T19:19:00 IST" duration-ms="32643">
    <groups>
    </groups>
    <test started-at="2023-05-20T19:18:28 IST" name="Default test" finished-at="2023-05-20T19:19:00 IST" duration-ms="32643">
      <class name="com.Project.TestNG_Project">
        <test-method is-config="true" signature="projectBeggining()[pri:0, instance:com.Project.TestNG_Project@44ebcd03]" started-at="2023-05-20T19:18:28 IST" name="projectBeggining" finished-at="2023-05-20T19:18:28 IST" duration-ms="7" status="PASS">
          <reporter-output>
          </reporter-output>
        </test-method> <!-- projectBeggining -->
        <test-method is-config="true" signature="openBrowser()[pri:0, instance:com.Project.TestNG_Project@44ebcd03]" started-at="2023-05-20T19:18:28 IST" name="openBrowser" finished-at="2023-05-20T19:18:31 IST" duration-ms="3254" status="PASS">
          <reporter-output>
          </reporter-output>
        </test-method> <!-- openBrowser -->
        <test-method is-config="true" signature="openJquery()[pri:0, instance:com.Project.TestNG_Project@44ebcd03]" started-at="2023-05-20T19:18:31 IST" name="openJquery" finished-at="2023-05-20T19:18:36 IST" duration-ms="5233" status="PASS">
          <reporter-output>
          </reporter-output>
        </test-method> <!-- openJquery -->
        <test-method signature="drag_drop()[pri:0, instance:com.Project.TestNG_Project@44ebcd03]" started-at="2023-05-20T19:18:36 IST" name="drag_drop" finished-at="2023-05-20T19:18:38 IST" duration-ms="1772" status="PASS">
          <reporter-output>
          </reporter-output>
        </test-method> <!-- drag_drop -->
        <test-method signature="checkBox_Radio()[pri:1, instance:com.Project.TestNG_Project@44ebcd03]" started-at="2023-05-20T19:18:38 IST" name="checkBox_Radio" finished-at="2023-05-20T19:18:40 IST" duration-ms="1961" status="PASS">
          <reporter-output>
          </reporter-output>
        </test-method> <!-- checkBox_Radio -->
        <test-method signature="textBox()[pri:2, instance:com.Project.TestNG_Project@44ebcd03]" started-at="2023-05-20T19:18:40 IST" name="textBox" finished-at="2023-05-20T19:18:40 IST" duration-ms="531" status="PASS">
          <reporter-output>
          </reporter-output>
        </test-method> <!-- textBox -->
        <test-method signature="autoSuggesion()[pri:3, instance:com.Project.TestNG_Project@44ebcd03]" started-at="2023-05-20T19:18:40 IST" name="autoSuggesion" finished-at="2023-05-20T19:18:43 IST" duration-ms="2188" status="PASS">
          <reporter-output>
          </reporter-output>
        </test-method> <!-- autoSuggesion -->
        <test-method signature="mouseAction()[pri:4, instance:com.Project.TestNG_Project@44ebcd03]" started-at="2023-05-20T19:18:43 IST" name="mouseAction" finished-at="2023-05-20T19:18:46 IST" duration-ms="3277" status="PASS">
          <reporter-output>
          </reporter-output>
        </test-method> <!-- mouseAction -->
        <test-method signature="multi_Select()[pri:5, instance:com.Project.TestNG_Project@44ebcd03]" started-at="2023-05-20T19:18:46 IST" name="multi_Select" finished-at="2023-05-20T19:18:51 IST" duration-ms="5143" status="PASS">
          <reporter-output>
          </reporter-output>
        </test-method> <!-- multi_Select -->
        <test-method signature="dropdown()[pri:6, instance:com.Project.TestNG_Project@44ebcd03]" started-at="2023-05-20T19:18:51 IST" name="dropdown" finished-at="2023-05-20T19:18:53 IST" duration-ms="1514" status="PASS">
          <reporter-output>
          </reporter-output>
        </test-method> <!-- dropdown -->
        <test-method signature="keyboardActions()[pri:7, instance:com.Project.TestNG_Project@44ebcd03]" started-at="2023-05-20T19:18:53 IST" name="keyboardActions" finished-at="2023-05-20T19:18:57 IST" duration-ms="4603" status="PASS">
          <reporter-output>
          </reporter-output>
        </test-method> <!-- keyboardActions -->
        <test-method is-config="true" signature="findAllLinks()[pri:0, instance:com.Project.TestNG_Project@44ebcd03]" started-at="2023-05-20T19:18:57 IST" name="findAllLinks" finished-at="2023-05-20T19:19:00 IST" duration-ms="2920" status="PASS">
          <reporter-output>
          </reporter-output>
        </test-method> <!-- findAllLinks -->
        <test-method is-config="true" signature="closeBrowser()[pri:0, instance:com.Project.TestNG_Project@44ebcd03]" started-at="2023-05-20T19:19:00 IST" name="closeBrowser" finished-at="2023-05-20T19:19:00 IST" duration-ms="165" status="PASS">
          <reporter-output>
          </reporter-output>
        </test-method> <!-- closeBrowser -->
        <test-method is-config="true" signature="projectEnd()[pri:0, instance:com.Project.TestNG_Project@44ebcd03]" started-at="2023-05-20T19:19:00 IST" name="projectEnd" finished-at="2023-05-20T19:19:00 IST" duration-ms="0" status="PASS">
          <reporter-output>
          </reporter-output>
        </test-method> <!-- projectEnd -->
      </class> <!-- com.Project.TestNG_Project -->
    </test> <!-- Default test -->
  </suite> <!-- Default suite -->
</testng-results>
